<?xml version="1.0" encoding="UTF-8" ?>
<testsuite tests="4" failures="0" name="pl.krzysztofwilk.calculator.application.CalculatorTest" time="0.011" errors="0" skipped="0">
  <properties>
[...]
</properties>
  <testcase classname="pl.krzysztofwilk.calculator.application.CalculatorTest" name="testCalculator[0]" time="0.01"/>
  <testcase classname="pl.krzysztofwilk.calculator.application.CalculatorTest" name="testCalculator[1]" time="0"/>
  <testcase classname="pl.krzysztofwilk.calculator.application.CalculatorTest" name="testCalculator[2]" time="0.001"/>
  <testcase classname="pl.krzysztofwilk.calculator.application.CalculatorTest" name="testCalculator[3]" time="0"/>
</testsuite>